<?xml version="1.0" encoding="UTF-8"?>
<!-- Generated by org.testng.reporters.JUnitReportReporter -->
<testsuite skipped="0" hostname="AJAY_WAGH" name="TestNGFlags.Flag1" tests="2" failures="0" timestamp="2022-08-23T10:39:13 IST" time="0.014" errors="0">
  <testcase name="validActiTimeTest" time="0.002" classname="TestNGFlags.Flag1"/>
  <system-out>
    <![CDATA[valid login is perfom]]>
  </system-out>
  <testcase name="invalidActiTimeTest" time="0.012" classname="TestNGFlags.Flag1"/>
  <system-out>
    <![CDATA[invalid login is perfom]]>
  </system-out>
</testsuite> <!-- TestNGFlags.Flag1 -->
