<?xml version="1.0" encoding="UTF-8"?>
<!-- Generated by org.testng.reporters.JUnitReportReporter -->
<testsuite skipped="1" hostname="AJAY_WAGH" name="TestNGFlags.Flag2" tests="3" failures="0" timestamp="2022-08-23T10:49:41 IST" time="0.020" errors="0">
  <testcase name="method3" time="0.001" classname="TestNGFlags.Flag2"/>
  <system-out>
    <![CDATA[actiTime create reports]]>
  </system-out>
  <testcase name="method2" time="0.019" classname="TestNGFlags.Flag2"/>
  <system-out>
    <![CDATA[actiTime create user]]>
  </system-out>
  <testcase name="method1" classname="TestNGFlags.Flag2">
    <skipped/>
  </testcase> <!-- method1 -->
  <system-out/>
</testsuite> <!-- TestNGFlags.Flag2 -->
