<?xml version="1.0" encoding="UTF-8"?>
<!-- Generated by org.testng.reporters.JUnitReportReporter -->
<testsuite skipped="0" hostname="AJAY_WAGH" name="TestNGPack.Demo3" tests="1" failures="0" timestamp="2022-08-17T16:03:39 IST" time="0.012" errors="0">
  <testcase name="a" time="0.012" classname="TestNGPack.Demo3"/>
  <system-out>
    <![CDATA[hi i am from method a]]>
  </system-out>
</testsuite> <!-- TestNGPack.Demo3 -->
