<?xml version="1.0" encoding="UTF-8"?>
<!-- Generated by org.testng.reporters.JUnitReportReporter -->
<testsuite skipped="0" hostname="AJAY_WAGH" name="TestNGPack.Demo" tests="1" failures="0" timestamp="2022-08-17T15:58:11 IST" time="0.013" errors="0">
  <testcase name="a" time="0.013" classname="TestNGPack.Demo"/>
  <system-out/>
</testsuite> <!-- TestNGPack.Demo -->
