<?xml version="1.0" encoding="UTF-8"?>
<!-- Generated by org.testng.reporters.JUnitReportReporter -->
<testsuite skipped="0" hostname="AJAY_WAGH" name="TestNGFlags.GroupFlags" tests="9" failures="0" timestamp="2022-08-20T15:24:24 IST" time="0.025" errors="0">
  <testcase name="st2" time="0.001" classname="TestNGFlags.GroupFlags"/>
  <system-out>
    <![CDATA[smoke Test Case2]]>
  </system-out>
  <testcase name="ft2" time="0.001" classname="TestNGFlags.GroupFlags"/>
  <system-out>
    <![CDATA[Functional Test Case2]]>
  </system-out>
  <testcase name="ft3" time="0.002" classname="TestNGFlags.GroupFlags"/>
  <system-out>
    <![CDATA[Functional Test Case3]]>
  </system-out>
  <testcase name="it1" time="0.001" classname="TestNGFlags.GroupFlags"/>
  <system-out>
    <![CDATA[Integration Test Case1]]>
  </system-out>
  <testcase name="ft1" time="0.014" classname="TestNGFlags.GroupFlags"/>
  <system-out>
    <![CDATA[Functional Test Case1]]>
  </system-out>
  <testcase name="it3" time="0.003" classname="TestNGFlags.GroupFlags"/>
  <system-out>
    <![CDATA[Integration Test Case3]]>
  </system-out>
  <testcase name="st3" time="0.001" classname="TestNGFlags.GroupFlags"/>
  <system-out>
    <![CDATA[smoke Test Case3]]>
  </system-out>
  <testcase name="it2" time="0.001" classname="TestNGFlags.GroupFlags"/>
  <system-out>
    <![CDATA[Integration Test Case2]]>
  </system-out>
  <testcase name="st1" time="0.001" classname="TestNGFlags.GroupFlags"/>
  <system-out>
    <![CDATA[smoke Test Case1]]>
  </system-out>
</testsuite> <!-- TestNGFlags.GroupFlags -->
